-------------------------------------
POD
NAME                                                      READY   STATUS        RESTARTS   AGE
alertmanager-monitoring-prometheus-alertmanager-0         3/3     Running       0          23h
auth-idp-67wxn                                            4/4     Running       0          23h
auth-pap-s9z9c                                            2/2     Running       0          23h
auth-pdp-xvwjd                                            2/2     Running       0          23h
catalog-ui-slnpx                                          1/1     Running       0          23h
common-web-ui-m66k6                                       1/1     Running       0          22h
default-http-backend-c6698b4f8-fjdhv                      1/1     Running       1          12h
helm-api-6f96688767-tccs7                                 2/2     Running       0          23h
helm-repo-569f888b5f-q8zp7                                1/1     Running       0          23h
iam-onboarding-n7k5t                                      0/1     Completed     0          23h
iam-policy-controller-576f6c85d9-zs7rs                    1/1     Running       0          23h
icp-management-ingress-98l94                              1/1     Running       0          23h
icp-mongodb-0                                             2/2     Running       0          25h
internal-management-ingress-jdd5v                         1/1     Running       0          23h
logging-elk-data-0                                        2/2     Terminating   0          22h
logging-elk-elasticsearch-curator-1582587000-557fm        0/1     Pending       0          19h
logging-elk-filebeat-ds-2l8q2                             1/1     Running       0          22h
logging-elk-filebeat-ds-5j7jh                             1/1     Running       0          22h
logging-elk-filebeat-ds-7l4n7                             1/1     Running       0          22h
logging-elk-filebeat-ds-9gzbv                             1/1     Running       0          22h
logging-elk-filebeat-ds-bl4gn                             1/1     Running       0          22h
logging-elk-filebeat-ds-bmfhn                             1/1     Running       0          22h
logging-elk-filebeat-ds-ft9gq                             1/1     Running       0          22h
logging-elk-filebeat-ds-jsfbt                             1/1     Running       0          22h
logging-elk-filebeat-ds-pnbkh                             1/1     Running       0          22h
logging-elk-filebeat-ds-pxnm9                             1/1     Running       0          22h
logging-elk-filebeat-ds-v6qwb                             1/1     Running       0          22h
logging-elk-filebeat-ds-vhskb                             1/1     Running       0          22h
logging-elk-filebeat-ds-vwvtg                             1/1     Running       0          22h
logging-elk-filebeat-ds-xjhgc                             1/1     Running       0          22h
logging-elk-kibana-f657cb99d-8slfk                        2/2     Terminating   0          22h
logging-elk-kibana-f657cb99d-s8lsh                        0/2     Pending       0          22h
logging-elk-kibana-init-5h6m2                             0/1     Terminating   2          22h
logging-elk-kibana-init-rl887                             0/1     Pending       0          22h
logging-elk-logstash-5556ccbfd-b28nh                      0/1     Pending       0          22h
logging-elk-logstash-5556ccbfd-m2dvs                      1/1     Terminating   0          22h
mcm-kui-7f475b9779-d5cwt                                  1/1     Running       0          23h
metering-dm-c65f48d7f-4br9p                               0/1     Terminating   0          22h
metering-dm-c65f48d7f-lfm2c                               0/1     Pending       0          22h
metering-mcmui-78b9f6649b-m9qg4                           0/1     Terminating   0          22h
metering-mcmui-78b9f6649b-vc2qx                           0/1     Pending       0          22h
metering-reader-2kdr2                                     1/1     Running       0          23h
metering-reader-47k9p                                     1/1     Running       0          23h
metering-reader-5pq8k                                     1/1     Running       0          23h
metering-reader-7jchs                                     1/1     Running       2          23h
metering-reader-fnc4n                                     1/1     Running       3          23h
metering-reader-fx8nv                                     1/1     Running       1          23h
metering-reader-jl2pf                                     1/1     Running       0          23h
metering-reader-mfzvr                                     1/1     Running       0          23h
metering-reader-prvw5                                     1/1     Running       0          23h
metering-reader-vnrv9                                     1/1     Running       0          23h
metering-reader-wx426                                     1/1     Running       0          23h
metering-ui-78c88b8c75-6vx2j                              0/1     Pending       0          22h
metering-ui-78c88b8c75-dxfwc                              0/1     Terminating   0          22h
mgmt-repo-66fc8fd8f7-ptlbl                                1/1     Running       0          23h
monitoring-grafana-7d8f75c4bc-xffs6                       3/3     Running       0          23h
monitoring-prometheus-collectdexporter-8489bdf495-nhfnw   2/2     Running       0          23h
monitoring-prometheus-kubestatemetrics-85dbf78974-k4npb   2/2     Running       0          23h
monitoring-prometheus-nodeexporter-49grl                  2/2     Running       1          23h
monitoring-prometheus-nodeexporter-4mcn9                  2/2     Running       0          23h
monitoring-prometheus-nodeexporter-67p4j                  2/2     Running       0          23h
monitoring-prometheus-nodeexporter-8kccq                  2/2     Running       3          23h
monitoring-prometheus-nodeexporter-ctmnq                  2/2     Running       0          23h
monitoring-prometheus-nodeexporter-fwxlj                  2/2     Running       0          23h
monitoring-prometheus-nodeexporter-gsmt4                  2/2     Running       0          23h
monitoring-prometheus-nodeexporter-hqtrx                  2/2     Running       6          23h
monitoring-prometheus-nodeexporter-hvrvd                  2/2     Running       0          23h
monitoring-prometheus-nodeexporter-r7686                  2/2     Running       10         23h
monitoring-prometheus-nodeexporter-zw69z                  2/2     Running       0          23h
monitoring-prometheus-operator-6969f49df5-7bhv6           2/2     Running       0          23h
nginx-ingress-controller-vc99b                            1/1     Running       8          24h
oidc-client-registration-dvh5b                            0/1     Completed     0          24h
oidcclient-watcher-8cfc9884d-dlcc9                        1/1     Running       0          23h
platform-api-74c4bf7bd4-n8p7m                             1/1     Running       6          24h
platform-header-4vbgr                                     1/1     Running       0          22h
prometheus-monitoring-prometheus-0                        4/4     Running       11         23h
secret-watcher-769464cd8d-2xv52                           1/1     Running       0          23h
security-onboarding-qpvb2                                 0/1     Completed     0          23h
tiller-deploy-f68457b9-bfwz6                              1/1     Running       0          24h
-------------------------------------
PVC
NAME                       STATUS   VOLUME                                     CAPACITY   ACCESS MODES   STORAGECLASS      AGE
data-logging-elk-data-0    Bound    pvc-b86c46e2-5745-11ea-b241-005056a58745   20Gi       RWO            rook-ceph-block   22h
mongodbdir-icp-mongodb-0   Bound    pvc-8604b7d4-5730-11ea-a223-005056a5311e   20Gi       RWO            rook-ceph-block   25h
-------------------------------------
SERVICE
NAME                                     TYPE        CLUSTER-IP       EXTERNAL-IP   PORT(S)              AGE
alertmanager-operated                    ClusterIP   None             <none>        9093/TCP,6783/TCP    23h
catalog-ui                               ClusterIP   172.30.98.33     <none>        4000/TCP             23h
common-web-ui                            ClusterIP   172.30.93.203    <none>        3000/TCP             22h
default-http-backend                     ClusterIP   172.30.163.143   <none>        80/TCP               24h
elasticsearch                            ClusterIP   172.30.52.89     <none>        9200/TCP             22h
elasticsearch-data                       ClusterIP   None             <none>        <none>               22h
helm-api                                 ClusterIP   172.30.52.204    <none>        3000/TCP             23h
helm-repo                                ClusterIP   172.30.15.143    <none>        3001/TCP             23h
iam-pap                                  ClusterIP   172.30.5.106     <none>        39001/TCP            24h
iam-pdp                                  ClusterIP   172.30.0.234     <none>        7998/TCP             24h
iam-token-service                        ClusterIP   172.30.202.60    <none>        10443/TCP            24h
icp-management-ingress                   ClusterIP   172.30.88.160    <none>        443/TCP              24h
icp-mongodb                              ClusterIP   None             <none>        27017/TCP            25h
icp-oidcclient-watcher                   ClusterIP   172.30.100.204   <none>        8383/TCP             23h
kibana                                   ClusterIP   172.30.227.7     <none>        5601/TCP             22h
kubelet                                  ClusterIP   None             <none>        10250/TCP            14d
kui-proxy                                ClusterIP   172.30.201.200   <none>        8081/TCP             23h
logstash                                 ClusterIP   172.30.111.200   <none>        5044/TCP             22h
management-ingress                       ClusterIP   172.30.15.86     <none>        443/TCP              25h
master-discovery                         ClusterIP   172.30.240.171   <none>        9300/TCP             22h
metering-dm                              ClusterIP   172.30.236.187   <none>        3000/TCP             23h
metering-mcmui                           ClusterIP   172.30.244.8     <none>        3001/TCP             23h
metering-receiver                        ClusterIP   172.30.80.201    <none>        5000/TCP             23h
metering-server                          ClusterIP   172.30.136.236   <none>        4000/TCP,4002/TCP    23h
metering-ui                              ClusterIP   172.30.60.229    <none>        3130/TCP             23h
mgmt-repo                                ClusterIP   172.30.220.177   <none>        3001/TCP             23h
mongodb                                  ClusterIP   172.30.249.115   <none>        27017/TCP            25h
monitoring-grafana                       ClusterIP   172.30.155.212   <none>        3000/TCP             23h
monitoring-prometheus                    ClusterIP   172.30.229.192   <none>        9090/TCP             23h
monitoring-prometheus-alertmanager       ClusterIP   172.30.240.107   <none>        9093/TCP             23h
monitoring-prometheus-collectdexporter   ClusterIP   172.30.43.104    <none>        9103/TCP,25826/UDP   23h
monitoring-prometheus-kubestatemetrics   ClusterIP   172.30.133.237   <none>        80/TCP               23h
monitoring-prometheus-nodeexporter       ClusterIP   172.30.60.244    <none>        8445/TCP             23h
nginx-ingress                            ClusterIP   172.30.121.15    <none>        80/TCP,443/TCP       25h
platform-api                             ClusterIP   172.30.2.156     <none>        6969/TCP             24h
platform-auth-service                    ClusterIP   172.30.120.13    <none>        3100/TCP,9443/TCP    24h
platform-header                          ClusterIP   172.30.160.124   <none>        3000/TCP             22h
platform-identity-management             ClusterIP   172.30.218.30    <none>        4500/TCP,443/TCP     24h
platform-identity-provider               ClusterIP   172.30.126.35    <none>        4300/TCP,9443/TCP    24h
prometheus-operated                      ClusterIP   None             <none>        9090/TCP             23h
tiller-deploy                            NodePort    172.30.216.138   <none>        44134:31514/TCP      25h
-------------------------------------
STATEFULSET
NAME                                              READY   AGE
alertmanager-monitoring-prometheus-alertmanager   1/1     23h
icp-mongodb                                       1/1     25h
logging-elk-data                                  0/1     22h
prometheus-monitoring-prometheus                  1/1     23h
-------------------------------------
DAMEONSET
NAME                                 DESIRED   CURRENT   READY   UP-TO-DATE   AVAILABLE   NODE SELECTOR   AGE
auth-idp                             1         1         1       1            1           master=true     24h
auth-pap                             1         1         1       1            1           master=true     24h
auth-pdp                             1         1         1       1            1           master=true     24h
catalog-ui                           1         1         1       1            1           master=true     23h
common-web-ui                        1         1         1       1            1           master=true     22h
icp-management-ingress               1         1         1       1            1           master=true     24h
internal-management-ingress          1         1         1       1            1           master=true     24h
logging-elk-filebeat-ds              13        13        10      13           10          <none>          22h
metering-reader                      10        10        10      10           10          <none>          23h
monitoring-prometheus-nodeexporter   10        10        10      10           10          <none>          23h
nginx-ingress-controller             1         1         1       1            1           proxy=true      24h
platform-header                      1         1         1       1            1           master=true     22h
-------------------------------------
DEPLOYMENT
NAME                                     READY   UP-TO-DATE   AVAILABLE   AGE
default-http-backend                     1/1     1            1           24h
helm-api                                 1/1     1            1           23h
helm-repo                                1/1     1            1           23h
iam-policy-controller                    1/1     1            1           23h
logging-elk-kibana                       0/1     1            0           22h
logging-elk-logstash                     0/1     1            0           22h
mcm-kui                                  1/1     1            1           23h
metering-dm                              0/1     1            0           23h
metering-mcmui                           0/1     1            0           23h
metering-ui                              0/1     1            0           23h
mgmt-repo                                1/1     1            1           23h
monitoring-grafana                       1/1     1            1           23h
monitoring-prometheus-collectdexporter   1/1     1            1           23h
monitoring-prometheus-kubestatemetrics   1/1     1            1           23h
monitoring-prometheus-operator           1/1     1            1           23h
oidcclient-watcher                       1/1     1            1           23h
platform-api                             1/1     1            1           24h
secret-watcher                           1/1     1            1           23h
tiller-deploy                            1/1     1            1           25h
-------------------------------------
REPLICASET
NAME                                                DESIRED   CURRENT   READY   AGE
default-http-backend-c6698b4f8                      1         1         1       24h
helm-api-6f96688767                                 1         1         1       23h
helm-repo-569f888b5f                                1         1         1       23h
iam-policy-controller-576f6c85d9                    1         1         1       23h
logging-elk-kibana-f657cb99d                        1         1         0       22h
logging-elk-logstash-5556ccbfd                      1         1         0       22h
mcm-kui-7f475b9779                                  1         1         1       23h
metering-dm-c65f48d7f                               1         1         0       23h
metering-mcmui-78b9f6649b                           1         1         0       23h
metering-ui-78c88b8c75                              1         1         0       23h
mgmt-repo-66fc8fd8f7                                1         1         1       23h
monitoring-grafana-7d8f75c4bc                       1         1         1       23h
monitoring-prometheus-collectdexporter-8489bdf495   1         1         1       23h
monitoring-prometheus-kubestatemetrics-85dbf78974   1         1         1       23h
monitoring-prometheus-operator-6969f49df5           1         1         1       23h
oidcclient-watcher-8cfc9884d                        1         1         1       23h
platform-api-74c4bf7bd4                             1         1         1       24h
secret-watcher-769464cd8d                           1         1         1       23h
tiller-deploy-f68457b9                              1         1         1       25h
-------------------------------------
IMAGESTREAM
No resources found.
-------------------------------------
ROUTE
NAME          HOST/PORT                                  PATH   SERVICES             PORT    TERMINATION            WILDCARD
icp-console   icp-console.apps.mislam.ocp.csplab.local          management-ingress   <all>   passthrough/Redirect   None
icp-proxy     icp-proxy.apps.mislam.ocp.csplab.local            nginx-ingress        https   passthrough/Redirect   None
-------------------------------------
CONFIGMAP
NAME                                                 DATA   AGE
addon-deploy-status                                  26     25h
auth-apikeys.v1                                      1      24h
auth-idp.v1                                          1      24h
auth-pap                                             5      24h
auth-pap.v1                                          1      24h
auth-pdp                                             5      24h
auth-pdp.v1                                          1      24h
bootstrap                                            1      14d
catalog-ui.v1                                        1      23h
cert-manager-webhook.v1                              1      22h
cert-manager.v1                                      1      25h
cluster-config-v1                                    1      14d
common-web-ui-config                                 1      22h
common-web-ui-log4js                                 1      22h
common-web-ui.v1                                     1      22h
elasticsearch-json                                   1      23h
extension-apiserver-authentication                   6      14d
helm-api.v1                                          1      23h
helm-repo.v1                                         1      23h
helmapi-json                                         1      23h
helmrepo-json                                        1      23h
iam-policy-controller.v1                             1      23h
ibm-icp4i-prod.v1                                    1      40m
icp-management-ingress                               2      24h
icp-management-ingress.v1                            1      24h
icp-mongodb                                          1      25h
icp-mongodb-init                                     1      25h
icp-mongodb-install                                  1      25h
icp-oidcclient-watcher-lock                          0      23h
icp-podsecurity-scc                                  1      25h
ingress-controller-leader-ibm-icp-management         0      23h
ingress-controller-leader-nginx                      0      24h
internal-management-ingress                          2      24h
internal-management-ingress.v1                       1      24h
kms-json                                             1      23h
kube-controller-manager                              0      14d
logging-elk-client-qparser-config                    1      22h
logging-elk-client-rbac-config                       1      22h
logging-elk-client-router-config                     1      22h
logging-elk-client-router-entrypoint                 1      22h
logging-elk-elasticsearch-config                     3      22h
logging-elk-elasticsearch-curator-config             2      22h
logging-elk-elasticsearch-entrypoint                 6      22h
logging-elk-filebeat-ds-config                       1      22h
logging-elk-filebeat-ds-input-config                 1      22h
logging-elk-kibana-config                            1      22h
logging-elk-kibana-init-entrypoint                   1      22h
logging-elk-kibana-migration-check-entrypoint        1      22h
logging-elk-kibana-nginx                             1      22h
logging-elk-kibana-router-entrypoint                 1      22h
logging-elk-logstash-config                          5      22h
logging-elk-logstash-pipeline-config                 1      22h
logging-elk-router-scripts                           6      22h
logging-elk-values                                   2      22h
logging.v1                                           1      22h
mcm-kui.v1                                           1      23h
metering.v1                                          1      23h
mgmt-repo.v1                                         1      23h
mgmtrepo-json                                        1      23h
mongodb.v1                                           1      25h
monitoring-crd.v1                                    1      25h
monitoring-grafana                                   1      23h
monitoring-grafana-dashboard-config                  1      23h
monitoring-grafana-default-dashboards-config         3      23h
monitoring-grafana-ds-entry-config                   1      23h
monitoring-grafana-grafana-crd-entry                 1      23h
monitoring-grafana-lua-script-config                 1      23h
monitoring-grafana-router-nginx-config               1      23h
monitoring-json                                      1      23h
monitoring-monitoring-lua-script-config              1      23h
monitoring-monitoring-router-entry-config            1      23h
monitoring-prometheus-alertmanager-router-config     1      23h
monitoring-prometheus-exporter-router-nginx-config   4      23h
monitoring-prometheus-lua-script-config              1      23h
monitoring-prometheus-router-nginx-config            1      23h
monitoring.v1                                        1      23h
nginx-ingress-controller                             5      24h
nginx-ingress.v1                                     1      24h
oidcclient-watcher.v1                                1      23h
onboard-script                                       1      23h
platform-api                                         15     24h
platform-api.v1                                      1      24h
platform-auth-idp                                    53     24h
platform-pod-security.v1                             1      25h
prometheus-monitoring-prometheus-rulefiles-0         5      23h
registration-json                                    1      24h
registration-script                                  1      24h
root-ca                                              1      14d
secret-watcher.v1                                    1      23h
security-onboarding.v1                               1      23h
tiller-serviceid-policies                            1      23h
tillerservice-json                                   1      23h
-------------------------------------
CLIENT
No resources found.
-------------------------------------
JOB
NAME                                           COMPLETIONS   DURATION   AGE
iam-onboarding                                 1/1           3m30s      23h
logging-elk-elasticsearch-curator-1582587000   0/1           19h        19h
logging-elk-elasticsearch-pki-init             1/1           34s        22h
logging-elk-kibana-init                        0/1           22h        22h
oidc-client-registration                       1/1           56m        24h
security-onboarding                            1/1           3m49s      23h
-------------------------------------
SERVICEACCOUNT
NAME                                 SECRETS   AGE
attachdetach-controller              2         14d
builder                              2         14d
certificate-controller               2         14d
clusterrole-aggregation-controller   2         14d
cronjob-controller                   2         14d
daemon-set-controller                2         14d
default                              2         14d
deployer                             2         14d
deployment-controller                2         14d
disruption-controller                2         14d
endpoint-controller                  2         14d
expand-controller                    2         14d
generic-garbage-collector            2         14d
horizontal-pod-autoscaler            2         14d
job-controller                       2         14d
namespace-controller                 2         14d
node-controller                      2         14d
persistent-volume-binder             2         14d
pod-garbage-collector                2         14d
pv-protection-controller             2         14d
pvc-protection-controller            2         14d
replicaset-controller                2         14d
replication-controller               2         14d
resourcequota-controller             2         14d
service-account-controller           2         14d
service-controller                   2         14d
statefulset-controller               2         14d
-------------------------------------
ROLEBINDING
NAME                                                            AGE
cert-manager-webhook-webhook-authentication-reader              22h
console-operator                                                14d
insights-operator-auth                                          14d
prometheus-k8s                                                  14d
resource-metrics-auth-reader                                    14d
system::extension-apiserver-authentication-reader               14d
system::leader-locking-kube-controller-manager                  14d
system::leader-locking-kube-scheduler                           14d
system:controller:bootstrap-signer                              14d
system:controller:cloud-provider                                14d
system:controller:token-cleaner                                 14d
system:deployers                                                14d
system:image-builders                                           14d
system:image-pullers                                            14d
system:openshift:leader-election-lock-kube-controller-manager   14d
system:openshift:leader-locking-kube-controller-manager         14d
system:openshift:leader-locking-kube-scheduler                  14d
system:openshift:leader-locking-openshift-controller-manager    14d
v1.packages.operators.coreos.com-auth-reader                    14d
-------------------------------------
ROLE
NAME                                                            AGE
extension-apiserver-authentication-reader                       14d
prometheus-k8s                                                  14d
system::leader-locking-kube-controller-manager                  14d
system::leader-locking-kube-scheduler                           14d
system:controller:bootstrap-signer                              14d
system:controller:cloud-provider                                14d
system:controller:token-cleaner                                 14d
system:openshift:leader-election-lock-kube-controller-manager   14d
system:openshift:leader-locking-openshift-controller-manager    14d
vsphere-creds-secret-reader                                     14d
-------------------------------------
PODDISRUPTIONBUDGET
No resources found.
-------------------------------------
CLUSTERROLEBINDING
-------------------------------------
INGRESS
NAME                                         HOSTS   ADDRESS       PORTS   AGE
api-key                                      *       172.18.6.74   80      24h
catalog-ui                                   *       172.18.6.74   80      23h
common-web-ui                                *       172.18.6.74   80      22h
common-web-ui-api                            *       172.18.6.74   80      22h
common-web-ui-callback                       *       172.18.6.74   80      22h
explorer-idmgmt                              *       172.18.6.74   80      24h
helm-api-liveness                            *       172.18.6.74   80      23h
helm-api-readiness                           *       172.18.6.74   80      23h
helm-api-swagger                             *       172.18.6.74   80      23h
helm-api-v1                                  *       172.18.6.74   80      23h
helm-api-v2                                  *       172.18.6.74   80      23h
helm-api-versions                            *       172.18.6.74   80      23h
helm-repo                                    *       172.18.6.74   80      23h
helm-repo-charts                             *       172.18.6.74   80      23h
helm-repo-index                              *       172.18.6.74   80      23h
helm-repo-v1-charts                          *       172.18.6.74   80      23h
helm-repo-v1-index                           *       172.18.6.74   80      23h
iam-pap                                      *       172.18.6.74   80      24h
iam-pdp                                      *       172.18.6.74   80      24h
iam-token                                    *       172.18.6.74   80      24h
iam-token-redirect                           *       172.18.6.74   80      24h
ibmid-ui-callback                            *       172.18.6.74   80      24h
id-mgmt                                      *       172.18.6.74   80      24h
idmgmt-v2-api                                *       172.18.6.74   80      24h
kui-proxy                                    *       172.18.6.74   80      23h
logging-elk-kibana-ingress                   *       172.18.6.74   80      22h
metering-api-check                           *       172.18.6.74   80      23h
metering-api-rbac                            *       172.18.6.74   80      23h
metering-api-swagger                         *       172.18.6.74   80      23h
metering-mcmui                               *       172.18.6.74   80      23h
metering-ui                                  *       172.18.6.74   80      23h
mgmt-repo                                    *       172.18.6.74   80      23h
mgmt-repo-charts                             *       172.18.6.74   80      23h
mgmt-repo-index                              *       172.18.6.74   80      23h
mgmt-repo-index-v1                           *       172.18.6.74   80      23h
mgmt-repo-v1-charts                          *       172.18.6.74   80      23h
monitoring-grafana-ingress                   *       172.18.6.74   80      23h
monitoring-prometheus-alertmanager-ingress   *       172.18.6.74   80      23h
monitoring-prometheus-ingress                *       172.18.6.74   80      23h
platform-api                                 *       172.18.6.74   80      24h
platform-auth                                *       172.18.6.74   80      24h
platform-auth-dir                            *       172.18.6.74   80      24h
platform-header                              *       172.18.6.74   80      22h
platform-id-auth                             *       172.18.6.74   80      24h
platform-id-auth-block                       *       172.18.6.74   80      24h
platform-id-provider                         *       172.18.6.74   80      24h
platform-login                               *       172.18.6.74   80      24h
platform-oidc                                *       172.18.6.74   80      24h
platform-oidc-block                          *       172.18.6.74   80      24h
platform-oidc-introspect                     *       172.18.6.74   80      24h
platform-oidc-keys                           *       172.18.6.74   80      24h
platform-oidc-token                          *       172.18.6.74   80      24h
platform-oidc-token-2                        *       172.18.6.74   80      24h
saml-ui-callback                             *       172.18.6.74   80      24h
service-id                                   *       172.18.6.74   80      24h
token-service-version                        *       172.18.6.74   80      24h
version-idmgmt                               *       172.18.6.74   80      24h
-------------------------------------
MONITORINGDASHBOARD
NAME                                ENABLED   AGE   CHART                     RELEASE      ERRORS
etcd-monitoring                     false     23h   ibm-icpmonitoring-1.7.0   monitoring
helm-release-monitoring             true      23h   ibm-icpmonitoring-1.7.0   monitoring
icp-calico-monitoring               false     23h   ibm-icpmonitoring-1.7.0   monitoring
icp-glusterfs-monitoring            false     23h   ibm-icpmonitoring-1.7.0   monitoring
icp-minio-monitoring                false     23h   ibm-icpmonitoring-1.7.0   monitoring
icp-mongodb-monitoring-overview     true      25h                             mongodb
icp-mongodb-monitoring-replset      true      25h                             mongodb
icp-mongodb-monitoring-wiredtiger   true      25h                             mongodb
icp-namespace-performance           true      23h   ibm-icpmonitoring-1.7.0   monitoring
icp-performance                     true      23h   ibm-icpmonitoring-1.7.0   monitoring
icp-rook-ceph-monitoring            false     23h   ibm-icpmonitoring-1.7.0   monitoring
kubernetes-cluster-monitoring       true      23h   ibm-icpmonitoring-1.7.0   monitoring
kubernetes-pod-overview             true      23h   ibm-icpmonitoring-1.7.0   monitoring
nginx-ingress-controller            true      23h   ibm-icpmonitoring-1.7.0   monitoring
node-performance                    true      23h   ibm-icpmonitoring-1.7.0   monitoring
prometheus-monitoring               true      23h   ibm-icpmonitoring-1.7.0   monitoring
-------------------------------------
SECRET
NAME                                                 TYPE                                  DATA   AGE
alertmanager-monitoring-prometheus-alertmanager      Opaque                                1      23h
attachdetach-controller-dockercfg-2vgg7              kubernetes.io/dockercfg               1      14d
attachdetach-controller-token-lzhgc                  kubernetes.io/service-account-token   4      14d
attachdetach-controller-token-t758c                  kubernetes.io/service-account-token   4      14d
auth-pdp-secret                                      kubernetes.io/tls                     3      23h
builder-dockercfg-v25nl                              kubernetes.io/dockercfg               1      14d
builder-token-7gkjg                                  kubernetes.io/service-account-token   4      14d
builder-token-m7hvr                                  kubernetes.io/service-account-token   4      14d
certificate-controller-dockercfg-dn8s4               kubernetes.io/dockercfg               1      14d
certificate-controller-token-fztq7                   kubernetes.io/service-account-token   4      14d
certificate-controller-token-m65sg                   kubernetes.io/service-account-token   4      14d
cluster-ca-cert                                      kubernetes.io/tls                     2      25h
clusterrole-aggregation-controller-dockercfg-kpnzs   kubernetes.io/dockercfg               1      14d
clusterrole-aggregation-controller-token-bwj4c       kubernetes.io/service-account-token   4      14d
clusterrole-aggregation-controller-token-qmr4z       kubernetes.io/service-account-token   4      14d
cronjob-controller-dockercfg-4vpjn                   kubernetes.io/dockercfg               1      14d
cronjob-controller-token-knz46                       kubernetes.io/service-account-token   4      14d
cronjob-controller-token-z2msn                       kubernetes.io/service-account-token   4      14d
daemon-set-controller-dockercfg-tb2dp                kubernetes.io/dockercfg               1      14d
daemon-set-controller-token-clgl8                    kubernetes.io/service-account-token   4      14d
daemon-set-controller-token-ll8j4                    kubernetes.io/service-account-token   4      14d
default-dockercfg-hf87x                              kubernetes.io/dockercfg               1      14d
default-token-784wj                                  kubernetes.io/service-account-token   4      14d
default-token-mkszt                                  kubernetes.io/service-account-token   4      14d
deployer-dockercfg-pbzn6                             kubernetes.io/dockercfg               1      14d
deployer-token-4kgnp                                 kubernetes.io/service-account-token   4      14d
deployer-token-5drmg                                 kubernetes.io/service-account-token   4      14d
deployment-controller-dockercfg-pzhkj                kubernetes.io/dockercfg               1      14d
deployment-controller-token-hrdr6                    kubernetes.io/service-account-token   4      14d
deployment-controller-token-kcd5p                    kubernetes.io/service-account-token   4      14d
disruption-controller-dockercfg-pzhgw                kubernetes.io/dockercfg               1      14d
disruption-controller-token-gb72q                    kubernetes.io/service-account-token   4      14d
disruption-controller-token-vxh7c                    kubernetes.io/service-account-token   4      14d
endpoint-controller-dockercfg-p225d                  kubernetes.io/dockercfg               1      14d
endpoint-controller-token-6g6sr                      kubernetes.io/service-account-token   4      14d
endpoint-controller-token-7qvg4                      kubernetes.io/service-account-token   4      14d
expand-controller-dockercfg-5g9sm                    kubernetes.io/dockercfg               1      14d
expand-controller-token-2v5lf                        kubernetes.io/service-account-token   4      14d
expand-controller-token-9jr5x                        kubernetes.io/service-account-token   4      14d
generic-garbage-collector-dockercfg-46cf4            kubernetes.io/dockercfg               1      14d
generic-garbage-collector-token-gjlqs                kubernetes.io/service-account-token   4      14d
generic-garbage-collector-token-prlp2                kubernetes.io/service-account-token   4      14d
helm-tiller-secret                                   Opaque                                2      25h
helmapi-secret                                       kubernetes.io/tls                     3      23h
horizontal-pod-autoscaler-dockercfg-x4cm7            kubernetes.io/dockercfg               1      14d
horizontal-pod-autoscaler-token-fb6tl                kubernetes.io/service-account-token   4      14d
horizontal-pod-autoscaler-token-nczz9                kubernetes.io/service-account-token   4      14d
iam-pap-secret                                       kubernetes.io/tls                     3      23h
icp-management-ingress-tls-secret                    kubernetes.io/tls                     3      23h
icp-metering-api-secret                              kubernetes.io/tls                     3      23h
icp-metering-receiver-secret                         kubernetes.io/tls                     3      23h
icp-mongodb-admin                                    Opaque                                2      25h
icp-mongodb-client-cert                              kubernetes.io/tls                     3      23h
icp-mongodb-keyfile                                  Opaque                                1      25h
icp-mongodb-metrics                                  Opaque                                2      25h
icp-serviceid-apikey-secret                          Opaque                                1      23h
identity-provider-secret                             kubernetes.io/tls                     3      23h
internal-management-ingress-tls-secret               kubernetes.io/tls                     3      23h
job-controller-dockercfg-vzb6j                       kubernetes.io/dockercfg               1      14d
job-controller-token-4z5ss                           kubernetes.io/service-account-token   4      14d
job-controller-token-q5f8q                           kubernetes.io/service-account-token   4      14d
kube-cloud-cfg                                       Opaque                                1      14d
kubeadmin                                            Opaque                                1      14d
kui-proxy-secret                                     kubernetes.io/tls                     3      23h
logging-elk-certs                                    Opaque                                21     23h
logging-elk-elasticsearch-pki-secret                 Opaque                                3      22h
logging-elk-kibana-init-secret                       Opaque                                2      22h
logging-elk-kibana-nginx                             Opaque                                1      22h
monitoring-grafana-secret                            Opaque                                2      23h
monitoring-monitoring-certs                          kubernetes.io/tls                     3      23h
monitoring-monitoring-client-certs                   kubernetes.io/tls                     3      23h
monitoring-monitoring-exporter-certs                 kubernetes.io/tls                     3      23h
monitoring-prometheus-scrape-targets                 Opaque                                1      23h
namespace-controller-dockercfg-w85db                 kubernetes.io/dockercfg               1      14d
namespace-controller-token-8t9zd                     kubernetes.io/service-account-token   4      14d
namespace-controller-token-blsr4                     kubernetes.io/service-account-token   4      14d
node-controller-dockercfg-4lrwp                      kubernetes.io/dockercfg               1      14d
node-controller-token-4995h                          kubernetes.io/service-account-token   4      14d
node-controller-token-fgsbs                          kubernetes.io/service-account-token   4      14d
persistent-volume-binder-dockercfg-fr5zc             kubernetes.io/dockercfg               1      14d
persistent-volume-binder-token-pwg55                 kubernetes.io/service-account-token   4      14d
persistent-volume-binder-token-xbj22                 kubernetes.io/service-account-token   4      14d
platform-auth-ibmid-jwk                              Opaque                                1      24h
platform-auth-ibmid-ssl-chain                        Opaque                                1      24h
platform-auth-idp-credentials                        Opaque                                2      24h
platform-auth-idp-encryption                         Opaque                                4      24h
platform-auth-ldaps-ca-cert                          Opaque                                1      24h
platform-auth-secret                                 kubernetes.io/tls                     3      23h
platform-identity-management                         kubernetes.io/tls                     3      23h
platform-oidc-credentials                            Opaque                                4      24h
pod-garbage-collector-dockercfg-hdtn5                kubernetes.io/dockercfg               1      14d
pod-garbage-collector-token-lz95s                    kubernetes.io/service-account-token   4      14d
pod-garbage-collector-token-t9fsk                    kubernetes.io/service-account-token   4      14d
prometheus-monitoring-prometheus                     Opaque                                1      23h
pv-protection-controller-dockercfg-nv92c             kubernetes.io/dockercfg               1      14d
pv-protection-controller-token-b2w9d                 kubernetes.io/service-account-token   4      14d
pv-protection-controller-token-l79z6                 kubernetes.io/service-account-token   4      14d
pvc-protection-controller-dockercfg-m7q9w            kubernetes.io/dockercfg               1      14d
pvc-protection-controller-token-7cmv5                kubernetes.io/service-account-token   4      14d
pvc-protection-controller-token-p58gd                kubernetes.io/service-account-token   4      14d
replicaset-controller-dockercfg-hkmtr                kubernetes.io/dockercfg               1      14d
replicaset-controller-token-cn98k                    kubernetes.io/service-account-token   4      14d
replicaset-controller-token-w9qw5                    kubernetes.io/service-account-token   4      14d
replication-controller-dockercfg-s92bd               kubernetes.io/dockercfg               1      14d
replication-controller-token-8wpbd                   kubernetes.io/service-account-token   4      14d
replication-controller-token-9hs64                   kubernetes.io/service-account-token   4      14d
resourcequota-controller-dockercfg-dx57l             kubernetes.io/dockercfg               1      14d
resourcequota-controller-token-bqxwt                 kubernetes.io/service-account-token   4      14d
resourcequota-controller-token-ht69p                 kubernetes.io/service-account-token   4      14d
rudder-secret                                        kubernetes.io/tls                     3      23h
service-account-controller-dockercfg-knj7l           kubernetes.io/dockercfg               1      14d
service-account-controller-token-kpkhb               kubernetes.io/service-account-token   4      14d
service-account-controller-token-rkgd9               kubernetes.io/service-account-token   4      14d
service-controller-dockercfg-fpckv                   kubernetes.io/dockercfg               1      14d
service-controller-token-n7jlj                       kubernetes.io/service-account-token   4      14d
service-controller-token-nnxgn                       kubernetes.io/service-account-token   4      14d
statefulset-controller-dockercfg-ggpj6               kubernetes.io/dockercfg               1      14d
statefulset-controller-token-48xw6                   kubernetes.io/service-account-token   4      14d
statefulset-controller-token-kvqjf                   kubernetes.io/service-account-token   4      14d
tiller-secret                                        Opaque                                5      25h
vsphere-creds                                        Opaque                                2      14d